<?xml version="1.0" encoding="UTF-8"?>
<testng-results ignored="0" total="2" passed="2" failed="0" skipped="0">
  <reporter-output>
  </reporter-output>
  <suite started-at="2024-07-29T09:56:54 IST" name="Default suite" finished-at="2024-07-29T09:57:14 IST" duration-ms="20169">
    <groups>
    </groups>
    <test started-at="2024-07-29T09:56:54 IST" name="Default test" finished-at="2024-07-29T09:57:14 IST" duration-ms="20169">
      <class name="testScript.CheckBox">
        <test-method is-config="true" signature="initialiseBrowser()[pri:0, instance:testScript.CheckBox@481a996b]" started-at="2024-07-29T09:56:54 IST" name="initialiseBrowser" finished-at="2024-07-29T09:57:07 IST" duration-ms="12331" status="PASS">
          <reporter-output>
          </reporter-output>
        </test-method> <!-- initialiseBrowser -->
        <test-method signature="f()[pri:0, instance:testScript.CheckBox@481a996b]" started-at="2024-07-29T09:57:07 IST" name="f" finished-at="2024-07-29T09:57:07 IST" duration-ms="6" status="PASS">
          <reporter-output>
          </reporter-output>
        </test-method> <!-- f -->
        <test-method is-config="true" signature="quitDriver()[pri:0, instance:testScript.CheckBox@481a996b]" started-at="2024-07-29T09:57:07 IST" name="quitDriver" finished-at="2024-07-29T09:57:07 IST" duration-ms="1" status="PASS">
          <reporter-output>
          </reporter-output>
        </test-method> <!-- quitDriver -->
        <test-method is-config="true" signature="initialiseBrowser()[pri:0, instance:testScript.CheckBox@481a996b]" started-at="2024-07-29T09:57:07 IST" name="initialiseBrowser" finished-at="2024-07-29T09:57:13 IST" duration-ms="6651" status="PASS">
          <reporter-output>
          </reporter-output>
        </test-method> <!-- initialiseBrowser -->
        <test-method signature="checkBox()[pri:0, instance:testScript.CheckBox@481a996b]" started-at="2024-07-29T09:57:13 IST" name="checkBox" finished-at="2024-07-29T09:57:14 IST" duration-ms="1152" status="PASS">
          <reporter-output>
          </reporter-output>
        </test-method> <!-- checkBox -->
        <test-method is-config="true" signature="quitDriver()[pri:0, instance:testScript.CheckBox@481a996b]" started-at="2024-07-29T09:57:14 IST" name="quitDriver" finished-at="2024-07-29T09:57:14 IST" duration-ms="0" status="PASS">
          <reporter-output>
          </reporter-output>
        </test-method> <!-- quitDriver -->
      </class> <!-- testScript.CheckBox -->
    </test> <!-- Default test -->
  </suite> <!-- Default suite -->
</testng-results>
