<?xml version="1.0" encoding="UTF-8"?>
<testng-results ignored="0" total="1" passed="1" failed="0" skipped="0">
  <reporter-output>
  </reporter-output>
  <suite started-at="2024-07-30T20:58:35 IST" name="Default suite" finished-at="2024-07-30T20:58:35 IST" duration-ms="48">
    <groups>
    </groups>
    <test started-at="2024-07-30T20:58:35 IST" name="Default test" finished-at="2024-07-30T20:58:35 IST" duration-ms="48">
      <class name="testScript.NewTest4">
        <test-method is-config="true" signature="beforeTest()[pri:0, instance:testScript.NewTest4@7c729a55]" started-at="2024-07-30T20:58:35 IST" name="beforeTest" finished-at="2024-07-30T20:58:35 IST" duration-ms="7" status="PASS">
          <reporter-output>
          </reporter-output>
        </test-method> <!-- beforeTest -->
        <test-method is-config="true" signature="beforeClass()[pri:0, instance:testScript.NewTest4@7c729a55]" started-at="2024-07-30T20:58:35 IST" name="beforeClass" finished-at="2024-07-30T20:58:35 IST" duration-ms="1" status="PASS">
          <reporter-output>
          </reporter-output>
        </test-method> <!-- beforeClass -->
        <test-method is-config="true" signature="beforeMethod()[pri:0, instance:testScript.NewTest4@7c729a55]" started-at="2024-07-30T20:58:35 IST" name="beforeMethod" finished-at="2024-07-30T20:58:35 IST" duration-ms="1" status="PASS">
          <reporter-output>
          </reporter-output>
        </test-method> <!-- beforeMethod -->
        <test-method signature="f()[pri:0, instance:testScript.NewTest4@7c729a55]" started-at="2024-07-30T20:58:35 IST" name="f" finished-at="2024-07-30T20:58:35 IST" duration-ms="7" status="PASS">
          <reporter-output>
          </reporter-output>
        </test-method> <!-- f -->
        <test-method is-config="true" signature="afterMethod()[pri:0, instance:testScript.NewTest4@7c729a55]" started-at="2024-07-30T20:58:35 IST" name="afterMethod" finished-at="2024-07-30T20:58:35 IST" duration-ms="0" status="PASS">
          <reporter-output>
          </reporter-output>
        </test-method> <!-- afterMethod -->
        <test-method is-config="true" signature="afterClass()[pri:0, instance:testScript.NewTest4@7c729a55]" started-at="2024-07-30T20:58:35 IST" name="afterClass" finished-at="2024-07-30T20:58:35 IST" duration-ms="0" status="PASS">
          <reporter-output>
          </reporter-output>
        </test-method> <!-- afterClass -->
        <test-method is-config="true" signature="afterTest()[pri:0, instance:testScript.NewTest4@7c729a55]" started-at="2024-07-30T20:58:35 IST" name="afterTest" finished-at="2024-07-30T20:58:35 IST" duration-ms="0" status="PASS">
          <reporter-output>
          </reporter-output>
        </test-method> <!-- afterTest -->
      </class> <!-- testScript.NewTest4 -->
    </test> <!-- Default test -->
  </suite> <!-- Default suite -->
</testng-results>
